2024-12-02 16:11:50,140 - model.pytorch.models_supervisor - INFO - Log directory: data/log/itpgtn_gt/20241202_161150_itpgtn_gt_l_12_h_12_lr_0.001_bs_64/
2024-12-02 16:11:57,306 - model.pytorch.models_supervisor - INFO - Total trainable parameters 337156
2024-12-02 16:11:57,306 - model.pytorch.models_supervisor - INFO - Model parameters: model_dim: 32, g_dim: 8, dec_dim: 32,num_encoder: 3, num_g: 3
2024-12-02 16:11:57,310 - model.pytorch.models_supervisor - INFO - config_filename:data/config/config_itpgtn_gt_metr.yaml
2024-12-02 16:11:57,310 - model.pytorch.models_supervisor - INFO - device:cuda:0
2024-12-02 16:11:57,310 - model.pytorch.models_supervisor - INFO - Model created
2024-12-02 16:11:57,311 - model.pytorch.models_supervisor - INFO - Start training ...
2024-12-02 16:11:57,311 - model.pytorch.models_supervisor - INFO - num_batches:375
2024-12-02 16:12:25,663 - model.pytorch.models_supervisor - INFO - Iteration time: 28.3524 seconds
2024-12-02 16:12:25,664 - model.pytorch.models_supervisor - INFO - epoch complete
2024-12-02 16:12:25,664 - model.pytorch.models_supervisor - INFO - evaluating now!
2024-12-02 16:12:29,581 - model.pytorch.models_supervisor - INFO - Epoch [0/300] (375) train_mae: 4.1018,  lr: 0.00100000, val:  3.3266, rmse: 6.3084, mape:0.099664,time:32.3s
2024-12-02 16:12:29,581 - model.pytorch.models_supervisor - INFO - Val loss decrease from inf to 3.3266, 
2024-12-02 16:13:07,469 - model.pytorch.models_supervisor - INFO - Iteration time: 37.8868 seconds
2024-12-02 16:13:07,469 - model.pytorch.models_supervisor - INFO - epoch complete
2024-12-02 16:13:07,469 - model.pytorch.models_supervisor - INFO - evaluating now!
2024-12-02 16:13:11,387 - model.pytorch.models_supervisor - INFO - Epoch [1/300] (750) train_mae: 3.4533,  lr: 0.00100000, val:  3.2045, rmse: 6.1345, mape:0.089911,time:41.8s
2024-12-02 16:13:11,387 - model.pytorch.models_supervisor - INFO - Val loss decrease from 3.3266 to 3.2045, 
2024-12-02 16:13:49,288 - model.pytorch.models_supervisor - INFO - Iteration time: 37.8998 seconds
2024-12-02 16:13:49,288 - model.pytorch.models_supervisor - INFO - epoch complete
2024-12-02 16:13:49,288 - model.pytorch.models_supervisor - INFO - evaluating now!
2024-12-02 16:13:53,204 - model.pytorch.models_supervisor - INFO - Epoch [2/300] (1125) train_mae: 3.3573,  lr: 0.00100000, val:  3.1061, rmse: 5.9963, mape:0.090846,time:41.8s
2024-12-02 16:13:53,204 - model.pytorch.models_supervisor - INFO - Val loss decrease from 3.2045 to 3.1061, 
2024-12-02 16:14:31,109 - model.pytorch.models_supervisor - INFO - Iteration time: 37.9046 seconds
2024-12-02 16:14:31,110 - model.pytorch.models_supervisor - INFO - epoch complete
2024-12-02 16:14:31,110 - model.pytorch.models_supervisor - INFO - evaluating now!
2024-12-02 16:14:35,026 - model.pytorch.models_supervisor - INFO - Epoch [3/300] (1500) train_mae: 3.2908,  lr: 0.00100000, val:  3.0675, rmse: 5.9572, mape:0.088247,time:41.8s
2024-12-02 16:14:35,026 - model.pytorch.models_supervisor - INFO - Val loss decrease from 3.1061 to 3.0675, 
2024-12-02 16:15:12,933 - model.pytorch.models_supervisor - INFO - Iteration time: 37.9064 seconds
2024-12-02 16:15:12,933 - model.pytorch.models_supervisor - INFO - epoch complete
2024-12-02 16:15:12,934 - model.pytorch.models_supervisor - INFO - evaluating now!
2024-12-02 16:15:16,844 - model.pytorch.models_supervisor - INFO - Epoch [4/300] (1875) train_mae: 3.2128,  lr: 0.00100000, val:  2.9846, rmse: 5.7582, mape:0.085893,time:41.8s
2024-12-02 16:15:24,684 - model.pytorch.models_supervisor - INFO - Epoch [4/300] (1875) train_mae: 3.2128,   lr: 0.00100000, test_mae: 3.1652, rmse: 6.1105, mape:0.088131,41.8s
2024-12-02 16:15:24,710 - model.pytorch.models_supervisor - INFO - Saved model at 4
2024-12-02 16:15:24,710 - model.pytorch.models_supervisor - INFO - saving to data/log/itpgtn_gt/20241202_161150_itpgtn_gt_l_12_h_12_lr_0.001_bs_64/models//epo4.tar
2024-12-02 16:15:24,710 - model.pytorch.models_supervisor - INFO - Val loss decrease from 3.0675 to 2.9846, 
2024-12-02 16:16:02,605 - model.pytorch.models_supervisor - INFO - Iteration time: 37.8936 seconds
2024-12-02 16:16:02,605 - model.pytorch.models_supervisor - INFO - epoch complete
2024-12-02 16:16:02,605 - model.pytorch.models_supervisor - INFO - evaluating now!
2024-12-02 16:16:06,517 - model.pytorch.models_supervisor - INFO - Epoch [5/300] (2250) train_mae: 3.1506,  lr: 0.00100000, val:  2.9704, rmse: 5.7133, mape:0.085350,time:41.8s
2024-12-02 16:16:06,517 - model.pytorch.models_supervisor - INFO - Val loss decrease from 2.9846 to 2.9704, 
2024-12-02 16:16:44,400 - model.pytorch.models_supervisor - INFO - Iteration time: 37.8822 seconds
2024-12-02 16:16:44,400 - model.pytorch.models_supervisor - INFO - epoch complete
2024-12-02 16:16:44,400 - model.pytorch.models_supervisor - INFO - evaluating now!
2024-12-02 16:16:48,315 - model.pytorch.models_supervisor - INFO - Epoch [6/300] (2625) train_mae: 3.1098,  lr: 0.00100000, val:  2.9616, rmse: 5.6715, mape:0.083467,time:41.8s
2024-12-02 16:16:48,315 - model.pytorch.models_supervisor - INFO - Val loss decrease from 2.9704 to 2.9616, 
2024-12-02 16:17:26,204 - model.pytorch.models_supervisor - INFO - Iteration time: 37.8880 seconds
2024-12-02 16:17:26,205 - model.pytorch.models_supervisor - INFO - epoch complete
2024-12-02 16:17:26,205 - model.pytorch.models_supervisor - INFO - evaluating now!
2024-12-02 16:17:30,119 - model.pytorch.models_supervisor - INFO - Epoch [7/300] (3000) train_mae: 3.0775,  lr: 0.00100000, val:  2.9450, rmse: 5.6886, mape:0.083933,time:41.8s
2024-12-02 16:17:30,120 - model.pytorch.models_supervisor - INFO - Val loss decrease from 2.9616 to 2.9450, 
2024-12-02 16:18:08,006 - model.pytorch.models_supervisor - INFO - Iteration time: 37.8859 seconds
2024-12-02 16:18:08,006 - model.pytorch.models_supervisor - INFO - epoch complete
2024-12-02 16:18:08,007 - model.pytorch.models_supervisor - INFO - evaluating now!
2024-12-02 16:18:11,917 - model.pytorch.models_supervisor - INFO - Epoch [8/300] (3375) train_mae: 3.0548,  lr: 0.00100000, val:  2.9139, rmse: 5.6396, mape:0.082694,time:41.8s
2024-12-02 16:18:11,917 - model.pytorch.models_supervisor - INFO - Val loss decrease from 2.9450 to 2.9139, 
2024-12-02 16:18:49,794 - model.pytorch.models_supervisor - INFO - Iteration time: 37.8764 seconds
2024-12-02 16:18:49,795 - model.pytorch.models_supervisor - INFO - epoch complete
2024-12-02 16:18:49,795 - model.pytorch.models_supervisor - INFO - evaluating now!
2024-12-02 16:18:53,705 - model.pytorch.models_supervisor - INFO - Epoch [9/300] (3750) train_mae: 3.0296,  lr: 0.00100000, val:  2.9028, rmse: 5.6134, mape:0.082119,time:41.8s
2024-12-02 16:19:01,545 - model.pytorch.models_supervisor - INFO - Epoch [9/300] (3750) train_mae: 3.0296,   lr: 0.00100000, test_mae: 3.0697, rmse: 5.9309, mape:0.083373,41.8s
2024-12-02 16:19:01,570 - model.pytorch.models_supervisor - INFO - Saved model at 9
2024-12-02 16:19:01,570 - model.pytorch.models_supervisor - INFO - saving to data/log/itpgtn_gt/20241202_161150_itpgtn_gt_l_12_h_12_lr_0.001_bs_64/models//epo9.tar
2024-12-02 16:19:01,570 - model.pytorch.models_supervisor - INFO - Val loss decrease from 2.9139 to 2.9028, 
2024-12-02 16:19:33,374 - model.pytorch.models_supervisor - INFO - epoch complete
2024-12-02 16:19:33,374 - model.pytorch.models_supervisor - INFO - evaluating now!
2024-12-02 16:19:35,938 - model.pytorch.models_supervisor - INFO - Epoch [10/300] (4125) train_mae: 3.0026,  lr: 0.00100000, val:  2.8992, rmse: 5.5888, mape:0.082268,time:34.4s
2024-12-02 16:19:35,938 - model.pytorch.models_supervisor - INFO - Val loss decrease from 2.9028 to 2.8992, 
2024-12-02 16:20:02,640 - model.pytorch.models_supervisor - INFO - epoch complete
2024-12-02 16:20:02,640 - model.pytorch.models_supervisor - INFO - evaluating now!
2024-12-02 16:20:05,204 - model.pytorch.models_supervisor - INFO - Epoch [11/300] (4500) train_mae: 2.9836,  lr: 0.00100000, val:  2.8987, rmse: 5.6137, mape:0.083449,time:29.3s
2024-12-02 16:20:05,204 - model.pytorch.models_supervisor - INFO - Val loss decrease from 2.8992 to 2.8987, 
2024-12-02 16:20:31,903 - model.pytorch.models_supervisor - INFO - epoch complete
2024-12-02 16:20:31,903 - model.pytorch.models_supervisor - INFO - evaluating now!
2024-12-02 16:20:34,470 - model.pytorch.models_supervisor - INFO - Epoch [12/300] (4875) train_mae: 2.9603,  lr: 0.00100000, val:  2.8950, rmse: 5.6477, mape:0.083976,time:29.3s
2024-12-02 16:20:34,471 - model.pytorch.models_supervisor - INFO - Val loss decrease from 2.8987 to 2.8950, 
2024-12-02 16:21:01,172 - model.pytorch.models_supervisor - INFO - epoch complete
2024-12-02 16:21:01,172 - model.pytorch.models_supervisor - INFO - evaluating now!
2024-12-02 16:21:03,740 - model.pytorch.models_supervisor - INFO - Epoch [13/300] (5250) train_mae: 2.9389,  lr: 0.00100000, val:  2.8768, rmse: 5.5930, mape:0.082049,time:29.3s
2024-12-02 16:21:03,740 - model.pytorch.models_supervisor - INFO - Val loss decrease from 2.8950 to 2.8768, 
2024-12-02 16:21:30,440 - model.pytorch.models_supervisor - INFO - epoch complete
2024-12-02 16:21:30,440 - model.pytorch.models_supervisor - INFO - evaluating now!
2024-12-02 16:21:33,008 - model.pytorch.models_supervisor - INFO - Epoch [14/300] (5625) train_mae: 2.9186,  lr: 0.00100000, val:  2.8692, rmse: 5.5925, mape:0.081405,time:29.3s
2024-12-02 16:21:38,151 - model.pytorch.models_supervisor - INFO - Epoch [14/300] (5625) train_mae: 2.9186,   lr: 0.00100000, test_mae: 3.0178, rmse: 5.8448, mape:0.081977,29.3s
2024-12-02 16:21:38,162 - model.pytorch.models_supervisor - INFO - Saved model at 14
2024-12-02 16:21:38,162 - model.pytorch.models_supervisor - INFO - saving to data/log/itpgtn_gt/20241202_161150_itpgtn_gt_l_12_h_12_lr_0.001_bs_64/models//epo14.tar
2024-12-02 16:21:38,162 - model.pytorch.models_supervisor - INFO - Val loss decrease from 2.8768 to 2.8692, 
2024-12-02 16:22:04,860 - model.pytorch.models_supervisor - INFO - epoch complete
2024-12-02 16:22:04,860 - model.pytorch.models_supervisor - INFO - evaluating now!
2024-12-02 16:22:07,426 - model.pytorch.models_supervisor - INFO - Epoch [15/300] (6000) train_mae: 2.8975,  lr: 0.00100000, val:  2.8433, rmse: 5.5464, mape:0.080653,time:29.3s
2024-12-02 16:22:07,426 - model.pytorch.models_supervisor - INFO - Val loss decrease from 2.8692 to 2.8433, 
2024-12-02 16:22:34,124 - model.pytorch.models_supervisor - INFO - epoch complete
2024-12-02 16:22:34,124 - model.pytorch.models_supervisor - INFO - evaluating now!
2024-12-02 16:22:36,689 - model.pytorch.models_supervisor - INFO - Epoch [16/300] (6375) train_mae: 2.8788,  lr: 0.00100000, val:  2.8411, rmse: 5.5396, mape:0.080266,time:29.3s
2024-12-02 16:22:36,689 - model.pytorch.models_supervisor - INFO - Val loss decrease from 2.8433 to 2.8411, 
2024-12-02 16:23:03,381 - model.pytorch.models_supervisor - INFO - epoch complete
2024-12-02 16:23:03,381 - model.pytorch.models_supervisor - INFO - evaluating now!
2024-12-02 16:23:05,947 - model.pytorch.models_supervisor - INFO - Epoch [17/300] (6750) train_mae: 2.8594,  lr: 0.00100000, val:  2.8431, rmse: 5.5468, mape:0.081725,time:29.3s
2024-12-02 16:23:32,670 - model.pytorch.models_supervisor - INFO - epoch complete
2024-12-02 16:23:32,670 - model.pytorch.models_supervisor - INFO - evaluating now!
2024-12-02 16:23:35,237 - model.pytorch.models_supervisor - INFO - Epoch [18/300] (7125) train_mae: 2.8405,  lr: 0.00100000, val:  2.8303, rmse: 5.5078, mape:0.079880,time:29.3s
2024-12-02 16:23:35,237 - model.pytorch.models_supervisor - INFO - Val loss decrease from 2.8411 to 2.8303, 
2024-12-02 16:24:01,941 - model.pytorch.models_supervisor - INFO - epoch complete
2024-12-02 16:24:01,941 - model.pytorch.models_supervisor - INFO - evaluating now!
2024-12-02 16:24:04,507 - model.pytorch.models_supervisor - INFO - Epoch [19/300] (7500) train_mae: 2.8261,  lr: 0.00100000, val:  2.8283, rmse: 5.5187, mape:0.079255,time:29.3s
2024-12-02 16:24:09,649 - model.pytorch.models_supervisor - INFO - Epoch [19/300] (7500) train_mae: 2.8261,   lr: 0.00100000, test_mae: 2.9861, rmse: 5.8130, mape:0.081046,29.3s
2024-12-02 16:24:09,659 - model.pytorch.models_supervisor - INFO - Saved model at 19
2024-12-02 16:24:09,659 - model.pytorch.models_supervisor - INFO - saving to data/log/itpgtn_gt/20241202_161150_itpgtn_gt_l_12_h_12_lr_0.001_bs_64/models//epo19.tar
2024-12-02 16:24:09,659 - model.pytorch.models_supervisor - INFO - Val loss decrease from 2.8303 to 2.8283, 
2024-12-02 16:24:36,356 - model.pytorch.models_supervisor - INFO - epoch complete
2024-12-02 16:24:36,356 - model.pytorch.models_supervisor - INFO - evaluating now!
2024-12-02 16:24:38,922 - model.pytorch.models_supervisor - INFO - Epoch [20/300] (7875) train_mae: 2.8072,  lr: 0.00100000, val:  2.8308, rmse: 5.5272, mape:0.080404,time:29.3s
2024-12-02 16:25:05,625 - model.pytorch.models_supervisor - INFO - epoch complete
2024-12-02 16:25:05,625 - model.pytorch.models_supervisor - INFO - evaluating now!
2024-12-02 16:25:08,192 - model.pytorch.models_supervisor - INFO - Epoch [21/300] (8250) train_mae: 2.7896,  lr: 0.00100000, val:  2.8283, rmse: 5.5285, mape:0.079323,time:29.3s
2024-12-02 16:25:08,193 - model.pytorch.models_supervisor - INFO - Val loss decrease from 2.8283 to 2.8283, 
2024-12-02 16:25:34,898 - model.pytorch.models_supervisor - INFO - epoch complete
2024-12-02 16:25:34,898 - model.pytorch.models_supervisor - INFO - evaluating now!
2024-12-02 16:25:37,466 - model.pytorch.models_supervisor - INFO - Epoch [22/300] (8625) train_mae: 2.7783,  lr: 0.00100000, val:  2.8401, rmse: 5.5596, mape:0.081063,time:29.3s
2024-12-02 16:26:04,170 - model.pytorch.models_supervisor - INFO - epoch complete
2024-12-02 16:26:04,171 - model.pytorch.models_supervisor - INFO - evaluating now!
2024-12-02 16:26:06,739 - model.pytorch.models_supervisor - INFO - Epoch [23/300] (9000) train_mae: 2.7659,  lr: 0.00100000, val:  2.8291, rmse: 5.5208, mape:0.078963,time:29.3s
2024-12-02 16:26:33,452 - model.pytorch.models_supervisor - INFO - epoch complete
2024-12-02 16:26:33,452 - model.pytorch.models_supervisor - INFO - evaluating now!
2024-12-02 16:26:36,020 - model.pytorch.models_supervisor - INFO - Epoch [24/300] (9375) train_mae: 2.7529,  lr: 0.00100000, val:  2.8374, rmse: 5.5482, mape:0.079763,time:29.3s
2024-12-02 16:26:41,163 - model.pytorch.models_supervisor - INFO - Epoch [24/300] (9375) train_mae: 2.7529,   lr: 0.00100000, test_mae: 3.0132, rmse: 5.8711, mape:0.081830,29.3s
2024-12-02 16:26:41,174 - model.pytorch.models_supervisor - INFO - Saved model at 24
2024-12-02 16:26:41,174 - model.pytorch.models_supervisor - INFO - saving to data/log/itpgtn_gt/20241202_161150_itpgtn_gt_l_12_h_12_lr_0.001_bs_64/models//epo24.tar
2024-12-02 16:27:07,878 - model.pytorch.models_supervisor - INFO - epoch complete
2024-12-02 16:27:07,878 - model.pytorch.models_supervisor - INFO - evaluating now!
2024-12-02 16:27:10,443 - model.pytorch.models_supervisor - INFO - Epoch [25/300] (9750) train_mae: 2.7388,  lr: 0.00100000, val:  2.8330, rmse: 5.5345, mape:0.079744,time:29.3s
2024-12-02 16:27:37,147 - model.pytorch.models_supervisor - INFO - epoch complete
2024-12-02 16:27:37,147 - model.pytorch.models_supervisor - INFO - evaluating now!
2024-12-02 16:27:39,713 - model.pytorch.models_supervisor - INFO - Epoch [26/300] (10125) train_mae: 2.7246,  lr: 0.00100000, val:  2.8452, rmse: 5.5514, mape:0.080997,time:29.3s
2024-12-02 16:28:06,418 - model.pytorch.models_supervisor - INFO - epoch complete
2024-12-02 16:28:06,418 - model.pytorch.models_supervisor - INFO - evaluating now!
2024-12-02 16:28:08,985 - model.pytorch.models_supervisor - INFO - Epoch [27/300] (10500) train_mae: 2.7141,  lr: 0.00100000, val:  2.8414, rmse: 5.5414, mape:0.081013,time:29.3s
2024-12-02 16:28:35,703 - model.pytorch.models_supervisor - INFO - epoch complete
2024-12-02 16:28:35,703 - model.pytorch.models_supervisor - INFO - evaluating now!
2024-12-02 16:28:38,271 - model.pytorch.models_supervisor - INFO - Epoch [28/300] (10875) train_mae: 2.7039,  lr: 0.00100000, val:  2.8462, rmse: 5.5636, mape:0.080586,time:29.3s
2024-12-02 16:29:04,978 - model.pytorch.models_supervisor - INFO - epoch complete
2024-12-02 16:29:04,979 - model.pytorch.models_supervisor - INFO - evaluating now!
2024-12-02 16:29:07,546 - model.pytorch.models_supervisor - INFO - Epoch [29/300] (11250) train_mae: 2.6931,  lr: 0.00100000, val:  2.8377, rmse: 5.5322, mape:0.080545,time:29.3s
2024-12-02 16:29:12,689 - model.pytorch.models_supervisor - INFO - Epoch [29/300] (11250) train_mae: 2.6931,   lr: 0.00100000, test_mae: 3.0366, rmse: 5.9255, mape:0.082897,29.3s
2024-12-02 16:29:12,700 - model.pytorch.models_supervisor - INFO - Saved model at 29
2024-12-02 16:29:12,700 - model.pytorch.models_supervisor - INFO - saving to data/log/itpgtn_gt/20241202_161150_itpgtn_gt_l_12_h_12_lr_0.001_bs_64/models//epo29.tar
