2024-12-10 09:44:04,818 - model.pytorch.models_supervisor - INFO - Log directory: data/log/itpgtn_gt/20241210_094404_itpgtn_gt_l_12_h_6_lr_0.001_bs_64/
2024-12-10 09:44:07,908 - model.pytorch.models_supervisor - INFO - Total trainable parameters 336958
2024-12-10 09:44:07,908 - model.pytorch.models_supervisor - INFO - Model parameters: model_dim: 32, g_dim: 8, dec_dim: 32,num_encoder: 3, num_g: 3
2024-12-10 09:44:07,953 - model.pytorch.models_supervisor - INFO - config_filename:data/config/config_itpgtn_gt_metr.yaml
2024-12-10 09:44:07,953 - model.pytorch.models_supervisor - INFO - device:cuda:0
2024-12-10 09:44:07,953 - model.pytorch.models_supervisor - INFO - Model created
2024-12-10 09:44:07,954 - model.pytorch.models_supervisor - INFO - Start training ...
2024-12-10 09:44:07,954 - model.pytorch.models_supervisor - INFO - num_batches:375
2024-12-10 09:45:04,827 - model.pytorch.models_supervisor - INFO - Iteration time: 56.8728 seconds
2024-12-10 09:45:04,827 - model.pytorch.models_supervisor - INFO - epoch complete
2024-12-10 09:45:04,827 - model.pytorch.models_supervisor - INFO - evaluating now!
2024-12-10 09:45:18,566 - model.pytorch.models_supervisor - INFO - Epoch [0/300] (375) train_mae: 3.6217,  lr: 0.00100000, val:  2.8985, rmse: 5.5001, mape:0.076518,time:70.6s
2024-12-10 09:45:18,566 - model.pytorch.models_supervisor - INFO - Val loss decrease from inf to 2.8985, 
2024-12-10 09:48:06,683 - model.pytorch.models_supervisor - INFO - Iteration time: 168.1167 seconds
2024-12-10 09:48:06,683 - model.pytorch.models_supervisor - INFO - epoch complete
2024-12-10 09:48:06,683 - model.pytorch.models_supervisor - INFO - evaluating now!
2024-12-10 09:48:28,194 - model.pytorch.models_supervisor - INFO - Epoch [1/300] (750) train_mae: 3.0207,  lr: 0.00100000, val:  2.7891, rmse: 5.2559, mape:0.077539,time:189.6s
2024-12-10 09:48:28,194 - model.pytorch.models_supervisor - INFO - Val loss decrease from 2.8985 to 2.7891, 
2024-12-10 09:51:14,091 - model.pytorch.models_supervisor - INFO - Iteration time: 165.8964 seconds
2024-12-10 09:51:14,091 - model.pytorch.models_supervisor - INFO - epoch complete
2024-12-10 09:51:14,091 - model.pytorch.models_supervisor - INFO - evaluating now!
2024-12-10 09:51:35,678 - model.pytorch.models_supervisor - INFO - Epoch [2/300] (1125) train_mae: 2.9353,  lr: 0.00100000, val:  2.7453, rmse: 5.1616, mape:0.073820,time:187.5s
2024-12-10 09:51:35,678 - model.pytorch.models_supervisor - INFO - Val loss decrease from 2.7891 to 2.7453, 
2024-12-10 09:54:26,730 - model.pytorch.models_supervisor - INFO - Iteration time: 171.0519 seconds
2024-12-10 09:54:26,730 - model.pytorch.models_supervisor - INFO - epoch complete
2024-12-10 09:54:26,730 - model.pytorch.models_supervisor - INFO - evaluating now!
2024-12-10 09:54:48,229 - model.pytorch.models_supervisor - INFO - Epoch [3/300] (1500) train_mae: 2.8970,  lr: 0.00100000, val:  2.7604, rmse: 5.2436, mape:0.076014,time:192.6s
2024-12-10 09:57:34,412 - model.pytorch.models_supervisor - INFO - Iteration time: 166.1825 seconds
2024-12-10 09:57:34,412 - model.pytorch.models_supervisor - INFO - epoch complete
2024-12-10 09:57:34,412 - model.pytorch.models_supervisor - INFO - evaluating now!
2024-12-10 09:57:55,073 - model.pytorch.models_supervisor - INFO - Epoch [4/300] (1875) train_mae: 2.8701,  lr: 0.00100000, val:  2.7231, rmse: 5.2147, mape:0.075494,time:186.8s
2024-12-10 09:58:37,352 - model.pytorch.models_supervisor - INFO - Epoch [4/300] (1875) train_mae: 2.8701,   lr: 0.00100000, test_mae: 2.8796, rmse: 5.5253, mape:0.079462,186.8s
2024-12-10 09:58:37,363 - model.pytorch.models_supervisor - INFO - Saved model at 4
2024-12-10 09:58:37,363 - model.pytorch.models_supervisor - INFO - saving to data/log/itpgtn_gt/20241210_094404_itpgtn_gt_l_12_h_6_lr_0.001_bs_64/models//epo4.tar
2024-12-10 09:58:37,363 - model.pytorch.models_supervisor - INFO - Val loss decrease from 2.7453 to 2.7231, 
2024-12-10 10:01:23,443 - model.pytorch.models_supervisor - INFO - Iteration time: 166.0789 seconds
2024-12-10 10:01:23,443 - model.pytorch.models_supervisor - INFO - epoch complete
2024-12-10 10:01:23,443 - model.pytorch.models_supervisor - INFO - evaluating now!
2024-12-10 10:01:44,996 - model.pytorch.models_supervisor - INFO - Epoch [5/300] (2250) train_mae: 2.8426,  lr: 0.00100000, val:  2.6703, rmse: 5.1183, mape:0.073324,time:187.6s
2024-12-10 10:01:44,996 - model.pytorch.models_supervisor - INFO - Val loss decrease from 2.7231 to 2.6703, 
2024-12-10 10:04:34,498 - model.pytorch.models_supervisor - INFO - Iteration time: 169.5011 seconds
2024-12-10 10:04:34,498 - model.pytorch.models_supervisor - INFO - epoch complete
2024-12-10 10:04:34,498 - model.pytorch.models_supervisor - INFO - evaluating now!
2024-12-10 10:04:56,063 - model.pytorch.models_supervisor - INFO - Epoch [6/300] (2625) train_mae: 2.8120,  lr: 0.00100000, val:  2.6543, rmse: 5.0836, mape:0.072974,time:191.1s
2024-12-10 10:04:56,063 - model.pytorch.models_supervisor - INFO - Val loss decrease from 2.6703 to 2.6543, 
2024-12-10 10:07:42,238 - model.pytorch.models_supervisor - INFO - Iteration time: 166.1748 seconds
2024-12-10 10:07:42,238 - model.pytorch.models_supervisor - INFO - epoch complete
2024-12-10 10:07:42,239 - model.pytorch.models_supervisor - INFO - evaluating now!
2024-12-10 10:08:03,808 - model.pytorch.models_supervisor - INFO - Epoch [7/300] (3000) train_mae: 2.7895,  lr: 0.00100000, val:  2.6348, rmse: 4.9910, mape:0.072798,time:187.7s
2024-12-10 10:08:03,809 - model.pytorch.models_supervisor - INFO - Val loss decrease from 2.6543 to 2.6348, 
2024-12-10 10:10:52,853 - model.pytorch.models_supervisor - INFO - Iteration time: 169.0434 seconds
2024-12-10 10:10:52,853 - model.pytorch.models_supervisor - INFO - epoch complete
2024-12-10 10:10:52,853 - model.pytorch.models_supervisor - INFO - evaluating now!
2024-12-10 10:11:11,652 - model.pytorch.models_supervisor - INFO - Epoch [8/300] (3375) train_mae: 2.7581,  lr: 0.00100000, val:  2.6090, rmse: 4.9668, mape:0.071382,time:187.8s
2024-12-10 10:11:11,653 - model.pytorch.models_supervisor - INFO - Val loss decrease from 2.6348 to 2.6090, 
2024-12-10 10:13:53,351 - model.pytorch.models_supervisor - INFO - Iteration time: 161.6976 seconds
2024-12-10 10:13:53,351 - model.pytorch.models_supervisor - INFO - epoch complete
2024-12-10 10:13:53,351 - model.pytorch.models_supervisor - INFO - evaluating now!
2024-12-10 10:14:14,026 - model.pytorch.models_supervisor - INFO - Epoch [9/300] (3750) train_mae: 2.7395,  lr: 0.00100000, val:  2.6129, rmse: 4.8924, mape:0.071695,time:182.4s
2024-12-10 10:14:56,302 - model.pytorch.models_supervisor - INFO - Epoch [9/300] (3750) train_mae: 2.7395,   lr: 0.00100000, test_mae: 2.7599, rmse: 5.1786, mape:0.074331,182.4s
2024-12-10 10:14:56,313 - model.pytorch.models_supervisor - INFO - Saved model at 9
2024-12-10 10:14:56,314 - model.pytorch.models_supervisor - INFO - saving to data/log/itpgtn_gt/20241210_094404_itpgtn_gt_l_12_h_6_lr_0.001_bs_64/models//epo9.tar
2024-12-10 10:17:42,609 - model.pytorch.models_supervisor - INFO - epoch complete
2024-12-10 10:17:42,609 - model.pytorch.models_supervisor - INFO - evaluating now!
2024-12-10 10:18:04,186 - model.pytorch.models_supervisor - INFO - Epoch [10/300] (4125) train_mae: 2.7202,  lr: 0.00100000, val:  2.5987, rmse: 4.8944, mape:0.071797,time:187.9s
2024-12-10 10:18:04,186 - model.pytorch.models_supervisor - INFO - Val loss decrease from 2.6090 to 2.5987, 
2024-12-10 10:20:55,249 - model.pytorch.models_supervisor - INFO - epoch complete
2024-12-10 10:20:55,249 - model.pytorch.models_supervisor - INFO - evaluating now!
2024-12-10 10:21:16,791 - model.pytorch.models_supervisor - INFO - Epoch [11/300] (4500) train_mae: 2.7022,  lr: 0.00100000, val:  2.6021, rmse: 4.9142, mape:0.073286,time:192.6s
2024-12-10 10:24:03,113 - model.pytorch.models_supervisor - INFO - epoch complete
2024-12-10 10:24:03,113 - model.pytorch.models_supervisor - INFO - evaluating now!
2024-12-10 10:24:24,681 - model.pytorch.models_supervisor - INFO - Epoch [12/300] (4875) train_mae: 2.6860,  lr: 0.00100000, val:  2.5872, rmse: 4.8802, mape:0.071643,time:187.9s
2024-12-10 10:24:24,681 - model.pytorch.models_supervisor - INFO - Val loss decrease from 2.5987 to 2.5872, 
2024-12-10 10:27:15,245 - model.pytorch.models_supervisor - INFO - epoch complete
2024-12-10 10:27:15,245 - model.pytorch.models_supervisor - INFO - evaluating now!
2024-12-10 10:27:35,246 - model.pytorch.models_supervisor - INFO - Epoch [13/300] (5250) train_mae: 2.6692,  lr: 0.00100000, val:  2.5736, rmse: 4.8572, mape:0.071119,time:190.6s
2024-12-10 10:27:35,246 - model.pytorch.models_supervisor - INFO - Val loss decrease from 2.5872 to 2.5736, 
2024-12-10 10:30:23,522 - model.pytorch.models_supervisor - INFO - epoch complete
2024-12-10 10:30:23,522 - model.pytorch.models_supervisor - INFO - evaluating now!
2024-12-10 10:30:44,180 - model.pytorch.models_supervisor - INFO - Epoch [14/300] (5625) train_mae: 2.6531,  lr: 0.00100000, val:  2.5786, rmse: 4.8632, mape:0.071370,time:188.9s
2024-12-10 10:31:26,433 - model.pytorch.models_supervisor - INFO - Epoch [14/300] (5625) train_mae: 2.6531,   lr: 0.00100000, test_mae: 2.7221, rmse: 5.1547, mape:0.074256,188.9s
2024-12-10 10:31:26,444 - model.pytorch.models_supervisor - INFO - Saved model at 14
2024-12-10 10:31:26,444 - model.pytorch.models_supervisor - INFO - saving to data/log/itpgtn_gt/20241210_094404_itpgtn_gt_l_12_h_6_lr_0.001_bs_64/models//epo14.tar
2024-12-10 10:34:12,588 - model.pytorch.models_supervisor - INFO - epoch complete
2024-12-10 10:34:12,588 - model.pytorch.models_supervisor - INFO - evaluating now!
2024-12-10 10:34:34,142 - model.pytorch.models_supervisor - INFO - Epoch [15/300] (6000) train_mae: 2.6400,  lr: 0.00100000, val:  2.5531, rmse: 4.7970, mape:0.069252,time:187.7s
2024-12-10 10:34:34,142 - model.pytorch.models_supervisor - INFO - Val loss decrease from 2.5736 to 2.5531, 
2024-12-10 10:37:25,151 - model.pytorch.models_supervisor - INFO - epoch complete
2024-12-10 10:37:25,151 - model.pytorch.models_supervisor - INFO - evaluating now!
2024-12-10 10:37:45,778 - model.pytorch.models_supervisor - INFO - Epoch [16/300] (6375) train_mae: 2.6251,  lr: 0.00100000, val:  2.5444, rmse: 4.7888, mape:0.068901,time:191.6s
2024-12-10 10:37:45,778 - model.pytorch.models_supervisor - INFO - Val loss decrease from 2.5531 to 2.5444, 
2024-12-10 10:40:23,728 - model.pytorch.models_supervisor - INFO - epoch complete
2024-12-10 10:40:23,728 - model.pytorch.models_supervisor - INFO - evaluating now!
2024-12-10 10:40:45,327 - model.pytorch.models_supervisor - INFO - Epoch [17/300] (6750) train_mae: 2.6091,  lr: 0.00100000, val:  2.5281, rmse: 4.7928, mape:0.068420,time:179.5s
2024-12-10 10:40:45,327 - model.pytorch.models_supervisor - INFO - Val loss decrease from 2.5444 to 2.5281, 
2024-12-10 10:43:36,379 - model.pytorch.models_supervisor - INFO - epoch complete
2024-12-10 10:43:36,379 - model.pytorch.models_supervisor - INFO - evaluating now!
2024-12-10 10:43:57,456 - model.pytorch.models_supervisor - INFO - Epoch [18/300] (7125) train_mae: 2.5971,  lr: 0.00100000, val:  2.5043, rmse: 4.7470, mape:0.067129,time:192.1s
2024-12-10 10:43:57,456 - model.pytorch.models_supervisor - INFO - Val loss decrease from 2.5281 to 2.5043, 
2024-12-10 10:46:44,180 - model.pytorch.models_supervisor - INFO - epoch complete
2024-12-10 10:46:44,180 - model.pytorch.models_supervisor - INFO - evaluating now!
2024-12-10 10:47:04,856 - model.pytorch.models_supervisor - INFO - Epoch [19/300] (7500) train_mae: 2.5827,  lr: 0.00100000, val:  2.5069, rmse: 4.7554, mape:0.067042,time:187.4s
2024-12-10 10:47:47,152 - model.pytorch.models_supervisor - INFO - Epoch [19/300] (7500) train_mae: 2.5827,   lr: 0.00100000, test_mae: 2.6520, rmse: 5.0406, mape:0.070019,187.4s
2024-12-10 10:47:47,163 - model.pytorch.models_supervisor - INFO - Saved model at 19
2024-12-10 10:47:47,164 - model.pytorch.models_supervisor - INFO - saving to data/log/itpgtn_gt/20241210_094404_itpgtn_gt_l_12_h_6_lr_0.001_bs_64/models//epo19.tar
2024-12-10 10:50:33,319 - model.pytorch.models_supervisor - INFO - epoch complete
2024-12-10 10:50:33,319 - model.pytorch.models_supervisor - INFO - evaluating now!
2024-12-10 10:50:54,880 - model.pytorch.models_supervisor - INFO - Epoch [20/300] (7875) train_mae: 2.5712,  lr: 0.00100000, val:  2.5072, rmse: 4.7467, mape:0.067720,time:187.7s
2024-12-10 10:53:45,895 - model.pytorch.models_supervisor - INFO - epoch complete
2024-12-10 10:53:45,895 - model.pytorch.models_supervisor - INFO - evaluating now!
2024-12-10 10:54:07,476 - model.pytorch.models_supervisor - INFO - Epoch [21/300] (8250) train_mae: 2.5606,  lr: 0.00100000, val:  2.5000, rmse: 4.7389, mape:0.067098,time:192.6s
2024-12-10 10:54:07,476 - model.pytorch.models_supervisor - INFO - Val loss decrease from 2.5043 to 2.5000, 
2024-12-10 10:56:53,792 - model.pytorch.models_supervisor - INFO - epoch complete
2024-12-10 10:56:53,792 - model.pytorch.models_supervisor - INFO - evaluating now!
2024-12-10 10:57:15,380 - model.pytorch.models_supervisor - INFO - Epoch [22/300] (8625) train_mae: 2.5492,  lr: 0.00100000, val:  2.4915, rmse: 4.7256, mape:0.066158,time:187.9s
2024-12-10 10:57:15,380 - model.pytorch.models_supervisor - INFO - Val loss decrease from 2.5000 to 2.4915, 
2024-12-10 11:00:02,145 - model.pytorch.models_supervisor - INFO - epoch complete
2024-12-10 11:00:02,146 - model.pytorch.models_supervisor - INFO - evaluating now!
2024-12-10 11:00:21,938 - model.pytorch.models_supervisor - INFO - Epoch [23/300] (9000) train_mae: 2.5401,  lr: 0.00100000, val:  2.4920, rmse: 4.7489, mape:0.066003,time:186.6s
2024-12-10 11:03:10,904 - model.pytorch.models_supervisor - INFO - epoch complete
2024-12-10 11:03:10,904 - model.pytorch.models_supervisor - INFO - evaluating now!
2024-12-10 11:03:31,427 - model.pytorch.models_supervisor - INFO - Epoch [24/300] (9375) train_mae: 2.5316,  lr: 0.00100000, val:  2.4997, rmse: 4.7715, mape:0.067478,time:189.5s
2024-12-10 11:04:13,415 - model.pytorch.models_supervisor - INFO - Epoch [24/300] (9375) train_mae: 2.5316,   lr: 0.00100000, test_mae: 2.6438, rmse: 5.0514, mape:0.070337,189.5s
2024-12-10 11:04:13,426 - model.pytorch.models_supervisor - INFO - Saved model at 24
2024-12-10 11:04:13,426 - model.pytorch.models_supervisor - INFO - saving to data/log/itpgtn_gt/20241210_094404_itpgtn_gt_l_12_h_6_lr_0.001_bs_64/models//epo24.tar
2024-12-10 11:06:49,472 - model.pytorch.models_supervisor - INFO - epoch complete
2024-12-10 11:06:49,472 - model.pytorch.models_supervisor - INFO - evaluating now!
2024-12-10 11:07:10,863 - model.pytorch.models_supervisor - INFO - Epoch [25/300] (9750) train_mae: 2.5208,  lr: 0.00100000, val:  2.4929, rmse: 4.7464, mape:0.066670,time:177.4s
2024-12-10 11:10:00,067 - model.pytorch.models_supervisor - INFO - epoch complete
2024-12-10 11:10:00,067 - model.pytorch.models_supervisor - INFO - evaluating now!
2024-12-10 11:10:21,528 - model.pytorch.models_supervisor - INFO - Epoch [26/300] (10125) train_mae: 2.5140,  lr: 0.00100000, val:  2.4993, rmse: 4.7759, mape:0.067011,time:190.7s
2024-12-10 11:13:06,095 - model.pytorch.models_supervisor - INFO - epoch complete
2024-12-10 11:13:06,095 - model.pytorch.models_supervisor - INFO - evaluating now!
2024-12-10 11:13:27,497 - model.pytorch.models_supervisor - INFO - Epoch [27/300] (10500) train_mae: 2.5038,  lr: 0.00100000, val:  2.4966, rmse: 4.7791, mape:0.066975,time:186.0s
2024-12-10 11:16:15,675 - model.pytorch.models_supervisor - INFO - epoch complete
2024-12-10 11:16:15,675 - model.pytorch.models_supervisor - INFO - evaluating now!
2024-12-10 11:16:36,366 - model.pytorch.models_supervisor - INFO - Epoch [28/300] (10875) train_mae: 2.4977,  lr: 0.00100000, val:  2.4880, rmse: 4.7580, mape:0.065986,time:188.9s
2024-12-10 11:16:36,366 - model.pytorch.models_supervisor - INFO - Val loss decrease from 2.4915 to 2.4880, 
2024-12-10 11:19:21,911 - model.pytorch.models_supervisor - INFO - epoch complete
2024-12-10 11:19:21,911 - model.pytorch.models_supervisor - INFO - evaluating now!
2024-12-10 11:19:42,515 - model.pytorch.models_supervisor - INFO - Epoch [29/300] (11250) train_mae: 2.4868,  lr: 0.00100000, val:  2.5002, rmse: 4.7608, mape:0.067193,time:186.1s
2024-12-10 11:20:24,476 - model.pytorch.models_supervisor - INFO - Epoch [29/300] (11250) train_mae: 2.4868,   lr: 0.00100000, test_mae: 2.6452, rmse: 5.0409, mape:0.070155,186.1s
2024-12-10 11:20:24,487 - model.pytorch.models_supervisor - INFO - Saved model at 29
2024-12-10 11:20:24,487 - model.pytorch.models_supervisor - INFO - saving to data/log/itpgtn_gt/20241210_094404_itpgtn_gt_l_12_h_6_lr_0.001_bs_64/models//epo29.tar
2024-12-10 11:23:09,719 - model.pytorch.models_supervisor - INFO - epoch complete
2024-12-10 11:23:09,719 - model.pytorch.models_supervisor - INFO - evaluating now!
2024-12-10 11:23:31,139 - model.pytorch.models_supervisor - INFO - Epoch [30/300] (11625) train_mae: 2.4828,  lr: 0.00100000, val:  2.5071, rmse: 4.8162, mape:0.067751,time:186.7s
2024-12-10 11:26:20,742 - model.pytorch.models_supervisor - INFO - epoch complete
2024-12-10 11:26:20,742 - model.pytorch.models_supervisor - INFO - evaluating now!
2024-12-10 11:26:42,313 - model.pytorch.models_supervisor - INFO - Epoch [31/300] (12000) train_mae: 2.4787,  lr: 0.00100000, val:  2.5077, rmse: 4.7850, mape:0.067584,time:191.2s
2024-12-10 11:29:27,363 - model.pytorch.models_supervisor - INFO - epoch complete
2024-12-10 11:29:27,363 - model.pytorch.models_supervisor - INFO - evaluating now!
2024-12-10 11:29:48,778 - model.pytorch.models_supervisor - INFO - Epoch [32/300] (12375) train_mae: 2.4701,  lr: 0.00100000, val:  2.5048, rmse: 4.7943, mape:0.067152,time:186.5s
2024-12-10 11:32:35,263 - model.pytorch.models_supervisor - INFO - epoch complete
2024-12-10 11:32:35,263 - model.pytorch.models_supervisor - INFO - evaluating now!
2024-12-10 11:32:53,976 - model.pytorch.models_supervisor - INFO - Epoch [33/300] (12750) train_mae: 2.4637,  lr: 0.00100000, val:  2.5104, rmse: 4.8081, mape:0.067830,time:185.2s
2024-12-10 11:35:35,593 - model.pytorch.models_supervisor - INFO - epoch complete
2024-12-10 11:35:35,593 - model.pytorch.models_supervisor - INFO - evaluating now!
2024-12-10 11:35:56,160 - model.pytorch.models_supervisor - INFO - Epoch [34/300] (13125) train_mae: 2.4563,  lr: 0.00100000, val:  2.5121, rmse: 4.8191, mape:0.068038,time:182.2s
2024-12-10 11:36:38,327 - model.pytorch.models_supervisor - INFO - Epoch [34/300] (13125) train_mae: 2.4563,   lr: 0.00100000, test_mae: 2.6547, rmse: 5.0960, mape:0.070692,182.2s
2024-12-10 11:36:38,338 - model.pytorch.models_supervisor - INFO - Saved model at 34
2024-12-10 11:36:38,338 - model.pytorch.models_supervisor - INFO - saving to data/log/itpgtn_gt/20241210_094404_itpgtn_gt_l_12_h_6_lr_0.001_bs_64/models//epo34.tar
2024-12-10 11:39:25,060 - model.pytorch.models_supervisor - INFO - epoch complete
2024-12-10 11:39:25,060 - model.pytorch.models_supervisor - INFO - evaluating now!
2024-12-10 11:39:46,614 - model.pytorch.models_supervisor - INFO - Epoch [35/300] (13500) train_mae: 2.4493,  lr: 0.00100000, val:  2.5052, rmse: 4.8058, mape:0.067015,time:188.3s
2024-12-10 11:42:37,876 - model.pytorch.models_supervisor - INFO - epoch complete
2024-12-10 11:42:37,876 - model.pytorch.models_supervisor - INFO - evaluating now!
2024-12-10 11:42:59,248 - model.pytorch.models_supervisor - INFO - Epoch [36/300] (13875) train_mae: 2.4479,  lr: 0.00100000, val:  2.5296, rmse: 4.8433, mape:0.069427,time:192.6s
2024-12-10 11:45:43,546 - model.pytorch.models_supervisor - INFO - epoch complete
2024-12-10 11:45:43,546 - model.pytorch.models_supervisor - INFO - evaluating now!
2024-12-10 11:46:05,043 - model.pytorch.models_supervisor - INFO - Epoch [37/300] (14250) train_mae: 2.4401,  lr: 0.00100000, val:  2.5145, rmse: 4.8188, mape:0.067913,time:185.8s
2024-12-10 11:48:55,793 - model.pytorch.models_supervisor - INFO - epoch complete
2024-12-10 11:48:55,794 - model.pytorch.models_supervisor - INFO - evaluating now!
2024-12-10 11:49:15,421 - model.pytorch.models_supervisor - INFO - Epoch [38/300] (14625) train_mae: 2.4327,  lr: 0.00100000, val:  2.5163, rmse: 4.8327, mape:0.067657,time:190.4s
2024-12-10 11:52:04,425 - model.pytorch.models_supervisor - INFO - epoch complete
2024-12-10 11:52:04,425 - model.pytorch.models_supervisor - INFO - evaluating now!
2024-12-10 11:52:25,066 - model.pytorch.models_supervisor - INFO - Epoch [39/300] (15000) train_mae: 2.4259,  lr: 0.00100000, val:  2.5072, rmse: 4.8017, mape:0.067416,time:189.6s
2024-12-10 11:53:07,430 - model.pytorch.models_supervisor - INFO - Epoch [39/300] (15000) train_mae: 2.4259,   lr: 0.00100000, test_mae: 2.6547, rmse: 5.0843, mape:0.070258,189.6s
2024-12-10 11:53:07,441 - model.pytorch.models_supervisor - INFO - Saved model at 39
2024-12-10 11:53:07,442 - model.pytorch.models_supervisor - INFO - saving to data/log/itpgtn_gt/20241210_094404_itpgtn_gt_l_12_h_6_lr_0.001_bs_64/models//epo39.tar
2024-12-10 11:55:54,048 - model.pytorch.models_supervisor - INFO - epoch complete
2024-12-10 11:55:54,048 - model.pytorch.models_supervisor - INFO - evaluating now!
2024-12-10 11:56:15,598 - model.pytorch.models_supervisor - INFO - Epoch [40/300] (15375) train_mae: 2.4227,  lr: 0.00100000, val:  2.5245, rmse: 4.8390, mape:0.067919,time:188.2s
2024-12-10 11:59:07,058 - model.pytorch.models_supervisor - INFO - epoch complete
2024-12-10 11:59:07,058 - model.pytorch.models_supervisor - INFO - evaluating now!
2024-12-10 11:59:27,560 - model.pytorch.models_supervisor - INFO - Epoch [41/300] (15750) train_mae: 2.4189,  lr: 0.00100000, val:  2.5134, rmse: 4.8112, mape:0.066507,time:192.0s
2024-12-10 12:02:06,109 - model.pytorch.models_supervisor - INFO - epoch complete
2024-12-10 12:02:06,109 - model.pytorch.models_supervisor - INFO - evaluating now!
2024-12-10 12:02:27,696 - model.pytorch.models_supervisor - INFO - Epoch [42/300] (16125) train_mae: 2.4132,  lr: 0.00100000, val:  2.5120, rmse: 4.8106, mape:0.066130,time:180.1s
2024-12-10 12:05:19,138 - model.pytorch.models_supervisor - INFO - epoch complete
2024-12-10 12:05:19,138 - model.pytorch.models_supervisor - INFO - evaluating now!
2024-12-10 12:05:40,040 - model.pytorch.models_supervisor - INFO - Epoch [43/300] (16500) train_mae: 2.4101,  lr: 0.00100000, val:  2.5040, rmse: 4.7851, mape:0.065840,time:192.3s
2024-12-10 12:08:27,243 - model.pytorch.models_supervisor - INFO - epoch complete
2024-12-10 12:08:27,243 - model.pytorch.models_supervisor - INFO - evaluating now!
2024-12-10 12:08:47,937 - model.pytorch.models_supervisor - INFO - Epoch [44/300] (16875) train_mae: 2.4043,  lr: 0.00100000, val:  2.5129, rmse: 4.8184, mape:0.065769,time:187.9s
2024-12-10 12:09:30,421 - model.pytorch.models_supervisor - INFO - Epoch [44/300] (16875) train_mae: 2.4043,   lr: 0.00100000, test_mae: 2.6651, rmse: 5.1120, mape:0.068308,187.9s
2024-12-10 12:09:30,432 - model.pytorch.models_supervisor - INFO - Saved model at 44
2024-12-10 12:09:30,432 - model.pytorch.models_supervisor - INFO - saving to data/log/itpgtn_gt/20241210_094404_itpgtn_gt_l_12_h_6_lr_0.001_bs_64/models//epo44.tar
2024-12-10 12:12:17,137 - model.pytorch.models_supervisor - INFO - epoch complete
2024-12-10 12:12:17,137 - model.pytorch.models_supervisor - INFO - evaluating now!
2024-12-10 12:12:38,691 - model.pytorch.models_supervisor - INFO - Epoch [45/300] (17250) train_mae: 2.4024,  lr: 0.00100000, val:  2.5181, rmse: 4.8407, mape:0.065292,time:188.3s
2024-12-10 12:15:30,115 - model.pytorch.models_supervisor - INFO - epoch complete
2024-12-10 12:15:30,116 - model.pytorch.models_supervisor - INFO - evaluating now!
2024-12-10 12:15:51,690 - model.pytorch.models_supervisor - INFO - Epoch [46/300] (17625) train_mae: 2.3979,  lr: 0.00100000, val:  2.5200, rmse: 4.8421, mape:0.064856,time:193.0s
2024-12-10 12:18:38,699 - model.pytorch.models_supervisor - INFO - epoch complete
2024-12-10 12:18:38,699 - model.pytorch.models_supervisor - INFO - evaluating now!
2024-12-10 12:19:00,259 - model.pytorch.models_supervisor - INFO - Epoch [47/300] (18000) train_mae: 2.3990,  lr: 0.00100000, val:  2.5253, rmse: 4.8375, mape:0.065647,time:188.6s
2024-12-10 12:21:46,487 - model.pytorch.models_supervisor - INFO - epoch complete
2024-12-10 12:21:46,487 - model.pytorch.models_supervisor - INFO - evaluating now!
2024-12-10 12:22:06,835 - model.pytorch.models_supervisor - INFO - Epoch [48/300] (18375) train_mae: 2.3881,  lr: 0.00100000, val:  2.5206, rmse: 4.8310, mape:0.066014,time:186.6s
2024-12-10 12:24:54,839 - model.pytorch.models_supervisor - INFO - epoch complete
2024-12-10 12:24:54,839 - model.pytorch.models_supervisor - INFO - evaluating now!
2024-12-10 12:25:15,344 - model.pytorch.models_supervisor - INFO - Epoch [49/300] (18750) train_mae: 2.3832,  lr: 0.00010000, val:  2.5085, rmse: 4.8067, mape:0.065721,time:188.5s
2024-12-10 12:25:57,566 - model.pytorch.models_supervisor - INFO - Epoch [49/300] (18750) train_mae: 2.3832,   lr: 0.00010000, test_mae: 2.6645, rmse: 5.1092, mape:0.068455,188.5s
2024-12-10 12:25:57,577 - model.pytorch.models_supervisor - INFO - Saved model at 49
2024-12-10 12:25:57,577 - model.pytorch.models_supervisor - INFO - saving to data/log/itpgtn_gt/20241210_094404_itpgtn_gt_l_12_h_6_lr_0.001_bs_64/models//epo49.tar
2024-12-10 12:28:34,617 - model.pytorch.models_supervisor - INFO - epoch complete
2024-12-10 12:28:34,617 - model.pytorch.models_supervisor - INFO - evaluating now!
2024-12-10 12:28:56,011 - model.pytorch.models_supervisor - INFO - Epoch [50/300] (19125) train_mae: 2.3442,  lr: 0.00010000, val:  2.4953, rmse: 4.7893, mape:0.066391,time:178.4s
2024-12-10 12:31:45,735 - model.pytorch.models_supervisor - INFO - epoch complete
2024-12-10 12:31:45,735 - model.pytorch.models_supervisor - INFO - evaluating now!
2024-12-10 12:32:07,151 - model.pytorch.models_supervisor - INFO - Epoch [51/300] (19500) train_mae: 2.3315,  lr: 0.00010000, val:  2.4965, rmse: 4.7895, mape:0.066640,time:191.1s
2024-12-10 12:34:52,114 - model.pytorch.models_supervisor - INFO - epoch complete
2024-12-10 12:34:52,114 - model.pytorch.models_supervisor - INFO - evaluating now!
2024-12-10 12:35:13,489 - model.pytorch.models_supervisor - INFO - Epoch [52/300] (19875) train_mae: 2.3269,  lr: 0.00010000, val:  2.4991, rmse: 4.7979, mape:0.066572,time:186.3s
2024-12-10 12:38:01,396 - model.pytorch.models_supervisor - INFO - epoch complete
2024-12-10 12:38:01,396 - model.pytorch.models_supervisor - INFO - evaluating now!
2024-12-10 12:38:21,429 - model.pytorch.models_supervisor - INFO - Epoch [53/300] (20250) train_mae: 2.3239,  lr: 0.00010000, val:  2.4993, rmse: 4.8024, mape:0.066412,time:187.9s
2024-12-10 12:41:08,199 - model.pytorch.models_supervisor - INFO - epoch complete
2024-12-10 12:41:08,199 - model.pytorch.models_supervisor - INFO - evaluating now!
2024-12-10 12:41:28,635 - model.pytorch.models_supervisor - INFO - Epoch [54/300] (20625) train_mae: 2.3211,  lr: 0.00010000, val:  2.4994, rmse: 4.8025, mape:0.066562,time:187.2s
2024-12-10 12:42:10,961 - model.pytorch.models_supervisor - INFO - Epoch [54/300] (20625) train_mae: 2.3211,   lr: 0.00010000, test_mae: 2.6531, rmse: 5.0940, mape:0.069278,187.2s
2024-12-10 12:42:10,972 - model.pytorch.models_supervisor - INFO - Saved model at 54
2024-12-10 12:42:10,972 - model.pytorch.models_supervisor - INFO - saving to data/log/itpgtn_gt/20241210_094404_itpgtn_gt_l_12_h_6_lr_0.001_bs_64/models//epo54.tar
2024-12-10 12:44:55,649 - model.pytorch.models_supervisor - INFO - epoch complete
2024-12-10 12:44:55,649 - model.pytorch.models_supervisor - INFO - evaluating now!
2024-12-10 12:45:17,039 - model.pytorch.models_supervisor - INFO - Epoch [55/300] (21000) train_mae: 2.3192,  lr: 0.00010000, val:  2.4994, rmse: 4.8030, mape:0.066282,time:186.1s
2024-12-10 12:48:05,958 - model.pytorch.models_supervisor - INFO - epoch complete
2024-12-10 12:48:05,958 - model.pytorch.models_supervisor - INFO - evaluating now!
2024-12-10 12:48:25,906 - model.pytorch.models_supervisor - INFO - Epoch [56/300] (21375) train_mae: 2.3174,  lr: 0.00010000, val:  2.5006, rmse: 4.8089, mape:0.066551,time:188.9s
2024-12-10 12:51:11,932 - model.pytorch.models_supervisor - INFO - epoch complete
2024-12-10 12:51:11,932 - model.pytorch.models_supervisor - INFO - evaluating now!
2024-12-10 12:51:33,303 - model.pytorch.models_supervisor - INFO - Epoch [57/300] (21750) train_mae: 2.3152,  lr: 0.00010000, val:  2.5017, rmse: 4.8092, mape:0.066559,time:187.4s
2024-12-10 12:54:18,124 - model.pytorch.models_supervisor - INFO - epoch complete
2024-12-10 12:54:18,124 - model.pytorch.models_supervisor - INFO - evaluating now!
2024-12-10 12:54:37,137 - model.pytorch.models_supervisor - INFO - Epoch [58/300] (22125) train_mae: 2.3137,  lr: 0.00010000, val:  2.5031, rmse: 4.8133, mape:0.066594,time:183.8s
2024-12-10 12:57:19,344 - model.pytorch.models_supervisor - INFO - epoch complete
2024-12-10 12:57:19,345 - model.pytorch.models_supervisor - INFO - evaluating now!
2024-12-10 12:57:39,832 - model.pytorch.models_supervisor - INFO - Epoch [59/300] (22500) train_mae: 2.3125,  lr: 0.00010000, val:  2.5025, rmse: 4.8121, mape:0.066480,time:182.7s
2024-12-10 12:58:22,162 - model.pytorch.models_supervisor - INFO - Epoch [59/300] (22500) train_mae: 2.3125,   lr: 0.00010000, test_mae: 2.6582, rmse: 5.1106, mape:0.069300,182.7s
2024-12-10 12:58:22,174 - model.pytorch.models_supervisor - INFO - Saved model at 59
2024-12-10 12:58:22,174 - model.pytorch.models_supervisor - INFO - saving to data/log/itpgtn_gt/20241210_094404_itpgtn_gt_l_12_h_6_lr_0.001_bs_64/models//epo59.tar
2024-12-10 13:01:07,426 - model.pytorch.models_supervisor - INFO - epoch complete
2024-12-10 13:01:07,426 - model.pytorch.models_supervisor - INFO - evaluating now!
2024-12-10 13:01:28,048 - model.pytorch.models_supervisor - INFO - Epoch [60/300] (22875) train_mae: 2.3109,  lr: 0.00010000, val:  2.5034, rmse: 4.8102, mape:0.066546,time:185.9s
2024-12-10 13:04:18,876 - model.pytorch.models_supervisor - INFO - epoch complete
2024-12-10 13:04:18,876 - model.pytorch.models_supervisor - INFO - evaluating now!
2024-12-10 13:04:40,455 - model.pytorch.models_supervisor - INFO - Epoch [61/300] (23250) train_mae: 2.3096,  lr: 0.00010000, val:  2.5052, rmse: 4.8210, mape:0.066689,time:192.4s
2024-12-10 13:07:26,509 - model.pytorch.models_supervisor - INFO - epoch complete
2024-12-10 13:07:26,509 - model.pytorch.models_supervisor - INFO - evaluating now!
2024-12-10 13:07:48,079 - model.pytorch.models_supervisor - INFO - Epoch [62/300] (23625) train_mae: 2.3084,  lr: 0.00010000, val:  2.5044, rmse: 4.8169, mape:0.066459,time:187.6s
2024-12-10 13:10:36,530 - model.pytorch.models_supervisor - INFO - epoch complete
2024-12-10 13:10:36,530 - model.pytorch.models_supervisor - INFO - evaluating now!
2024-12-10 13:10:57,959 - model.pytorch.models_supervisor - INFO - Epoch [63/300] (24000) train_mae: 2.3069,  lr: 0.00010000, val:  2.5049, rmse: 4.8188, mape:0.066692,time:189.9s
2024-12-10 13:13:44,491 - model.pytorch.models_supervisor - INFO - epoch complete
2024-12-10 13:13:44,491 - model.pytorch.models_supervisor - INFO - evaluating now!
2024-12-10 13:14:05,062 - model.pytorch.models_supervisor - INFO - Epoch [64/300] (24375) train_mae: 2.3058,  lr: 0.00010000, val:  2.5055, rmse: 4.8205, mape:0.066594,time:187.1s
2024-12-10 13:14:47,425 - model.pytorch.models_supervisor - INFO - Epoch [64/300] (24375) train_mae: 2.3058,   lr: 0.00010000, test_mae: 2.6627, rmse: 5.1221, mape:0.069513,187.1s
2024-12-10 13:14:47,436 - model.pytorch.models_supervisor - INFO - Saved model at 64
2024-12-10 13:14:47,436 - model.pytorch.models_supervisor - INFO - saving to data/log/itpgtn_gt/20241210_094404_itpgtn_gt_l_12_h_6_lr_0.001_bs_64/models//epo64.tar
2024-12-10 13:17:31,894 - model.pytorch.models_supervisor - INFO - epoch complete
2024-12-10 13:17:31,895 - model.pytorch.models_supervisor - INFO - evaluating now!
2024-12-10 13:17:53,256 - model.pytorch.models_supervisor - INFO - Epoch [65/300] (24750) train_mae: 2.3043,  lr: 0.00010000, val:  2.5050, rmse: 4.8174, mape:0.066470,time:185.8s
2024-12-10 13:20:40,802 - model.pytorch.models_supervisor - INFO - epoch complete
2024-12-10 13:20:40,802 - model.pytorch.models_supervisor - INFO - evaluating now!
2024-12-10 13:21:00,638 - model.pytorch.models_supervisor - INFO - Epoch [66/300] (25125) train_mae: 2.3034,  lr: 0.00010000, val:  2.5070, rmse: 4.8222, mape:0.066703,time:187.4s
2024-12-10 13:23:37,244 - model.pytorch.models_supervisor - INFO - epoch complete
2024-12-10 13:23:37,244 - model.pytorch.models_supervisor - INFO - evaluating now!
2024-12-10 13:23:58,473 - model.pytorch.models_supervisor - INFO - Epoch [67/300] (25500) train_mae: 2.3021,  lr: 0.00010000, val:  2.5067, rmse: 4.8245, mape:0.066728,time:177.8s
2024-12-10 13:26:46,070 - model.pytorch.models_supervisor - INFO - epoch complete
2024-12-10 13:26:46,071 - model.pytorch.models_supervisor - INFO - evaluating now!
2024-12-10 13:27:05,892 - model.pytorch.models_supervisor - INFO - Epoch [68/300] (25875) train_mae: 2.3010,  lr: 0.00010000, val:  2.5079, rmse: 4.8249, mape:0.066707,time:187.4s
2024-12-10 13:29:49,828 - model.pytorch.models_supervisor - INFO - epoch complete
2024-12-10 13:29:49,828 - model.pytorch.models_supervisor - INFO - evaluating now!
2024-12-10 13:30:10,332 - model.pytorch.models_supervisor - INFO - Epoch [69/300] (26250) train_mae: 2.3003,  lr: 0.00010000, val:  2.5071, rmse: 4.8237, mape:0.066663,time:184.4s
2024-12-10 13:30:52,639 - model.pytorch.models_supervisor - INFO - Epoch [69/300] (26250) train_mae: 2.3003,   lr: 0.00010000, test_mae: 2.6676, rmse: 5.1317, mape:0.069614,184.4s
2024-12-10 13:30:52,649 - model.pytorch.models_supervisor - INFO - Saved model at 69
2024-12-10 13:30:52,650 - model.pytorch.models_supervisor - INFO - saving to data/log/itpgtn_gt/20241210_094404_itpgtn_gt_l_12_h_6_lr_0.001_bs_64/models//epo69.tar
2024-12-10 13:33:38,657 - model.pytorch.models_supervisor - INFO - epoch complete
2024-12-10 13:33:38,657 - model.pytorch.models_supervisor - INFO - evaluating now!
2024-12-10 13:33:58,628 - model.pytorch.models_supervisor - INFO - Epoch [70/300] (26625) train_mae: 2.2986,  lr: 0.00010000, val:  2.5092, rmse: 4.8294, mape:0.066732,time:186.0s
2024-12-10 13:36:48,655 - model.pytorch.models_supervisor - INFO - epoch complete
2024-12-10 13:36:48,655 - model.pytorch.models_supervisor - INFO - evaluating now!
2024-12-10 13:37:10,037 - model.pytorch.models_supervisor - INFO - Epoch [71/300] (27000) train_mae: 2.2972,  lr: 0.00010000, val:  2.5074, rmse: 4.8238, mape:0.066465,time:191.4s
2024-12-10 13:39:55,339 - model.pytorch.models_supervisor - INFO - epoch complete
2024-12-10 13:39:55,339 - model.pytorch.models_supervisor - INFO - evaluating now!
2024-12-10 13:40:16,743 - model.pytorch.models_supervisor - INFO - Epoch [72/300] (27375) train_mae: 2.2971,  lr: 0.00010000, val:  2.5076, rmse: 4.8236, mape:0.066499,time:186.7s
2024-12-10 13:43:05,174 - model.pytorch.models_supervisor - INFO - epoch complete
2024-12-10 13:43:05,175 - model.pytorch.models_supervisor - INFO - evaluating now!
2024-12-10 13:43:25,974 - model.pytorch.models_supervisor - INFO - Epoch [73/300] (27750) train_mae: 2.2958,  lr: 0.00010000, val:  2.5110, rmse: 4.8377, mape:0.066906,time:189.2s
2024-12-10 13:46:18,931 - model.pytorch.models_supervisor - INFO - epoch complete
2024-12-10 13:46:18,931 - model.pytorch.models_supervisor - INFO - evaluating now!
2024-12-10 13:46:40,646 - model.pytorch.models_supervisor - INFO - Epoch [74/300] (28125) train_mae: 2.2951,  lr: 0.00010000, val:  2.5101, rmse: 4.8311, mape:0.066663,time:194.7s
2024-12-10 13:47:26,981 - model.pytorch.models_supervisor - INFO - Epoch [74/300] (28125) train_mae: 2.2951,   lr: 0.00010000, test_mae: 2.6709, rmse: 5.1425, mape:0.069698,194.7s
2024-12-10 13:47:27,007 - model.pytorch.models_supervisor - INFO - Saved model at 74
2024-12-10 13:47:27,007 - model.pytorch.models_supervisor - INFO - saving to data/log/itpgtn_gt/20241210_094404_itpgtn_gt_l_12_h_6_lr_0.001_bs_64/models//epo74.tar
2024-12-10 13:50:15,287 - model.pytorch.models_supervisor - INFO - epoch complete
2024-12-10 13:50:15,287 - model.pytorch.models_supervisor - INFO - evaluating now!
2024-12-10 13:50:37,204 - model.pytorch.models_supervisor - INFO - Epoch [75/300] (28500) train_mae: 2.2942,  lr: 0.00010000, val:  2.5097, rmse: 4.8308, mape:0.066886,time:190.2s
2024-12-10 13:53:37,918 - model.pytorch.models_supervisor - INFO - epoch complete
2024-12-10 13:53:37,918 - model.pytorch.models_supervisor - INFO - evaluating now!
2024-12-10 13:54:01,058 - model.pytorch.models_supervisor - INFO - Epoch [76/300] (28875) train_mae: 2.2926,  lr: 0.00010000, val:  2.5134, rmse: 4.8405, mape:0.066826,time:203.9s
2024-12-10 13:56:57,590 - model.pytorch.models_supervisor - INFO - epoch complete
2024-12-10 13:56:57,590 - model.pytorch.models_supervisor - INFO - evaluating now!
2024-12-10 13:57:20,766 - model.pytorch.models_supervisor - INFO - Epoch [77/300] (29250) train_mae: 2.2921,  lr: 0.00010000, val:  2.5100, rmse: 4.8343, mape:0.066724,time:199.7s
2024-12-10 14:00:19,047 - model.pytorch.models_supervisor - INFO - epoch complete
2024-12-10 14:00:19,048 - model.pytorch.models_supervisor - INFO - evaluating now!
2024-12-10 14:00:40,719 - model.pytorch.models_supervisor - INFO - Epoch [78/300] (29625) train_mae: 2.2911,  lr: 0.00010000, val:  2.5130, rmse: 4.8430, mape:0.067001,time:200.0s
2024-12-10 14:03:40,683 - model.pytorch.models_supervisor - INFO - epoch complete
2024-12-10 14:03:40,683 - model.pytorch.models_supervisor - INFO - evaluating now!
2024-12-10 14:04:04,130 - model.pytorch.models_supervisor - INFO - Epoch [79/300] (30000) train_mae: 2.2898,  lr: 0.00010000, val:  2.5127, rmse: 4.8382, mape:0.066953,time:203.4s
2024-12-10 14:04:50,629 - model.pytorch.models_supervisor - INFO - Epoch [79/300] (30000) train_mae: 2.2898,   lr: 0.00010000, test_mae: 2.6733, rmse: 5.1519, mape:0.069948,203.4s
2024-12-10 14:04:50,654 - model.pytorch.models_supervisor - INFO - Saved model at 79
2024-12-10 14:04:50,655 - model.pytorch.models_supervisor - INFO - saving to data/log/itpgtn_gt/20241210_094404_itpgtn_gt_l_12_h_6_lr_0.001_bs_64/models//epo79.tar
2024-12-10 14:07:49,243 - model.pytorch.models_supervisor - INFO - epoch complete
2024-12-10 14:07:49,243 - model.pytorch.models_supervisor - INFO - evaluating now!
2024-12-10 14:08:12,838 - model.pytorch.models_supervisor - INFO - Epoch [80/300] (30375) train_mae: 2.2893,  lr: 0.00010000, val:  2.5114, rmse: 4.8371, mape:0.066683,time:202.2s
2024-12-10 14:11:10,728 - model.pytorch.models_supervisor - INFO - epoch complete
2024-12-10 14:11:10,728 - model.pytorch.models_supervisor - INFO - evaluating now!
2024-12-10 14:11:34,029 - model.pytorch.models_supervisor - INFO - Epoch [81/300] (30750) train_mae: 2.2882,  lr: 0.00010000, val:  2.5125, rmse: 4.8406, mape:0.066684,time:201.2s
2024-12-10 14:14:36,816 - model.pytorch.models_supervisor - INFO - epoch complete
2024-12-10 14:14:36,816 - model.pytorch.models_supervisor - INFO - evaluating now!
2024-12-10 14:14:59,784 - model.pytorch.models_supervisor - INFO - Epoch [82/300] (31125) train_mae: 2.2874,  lr: 0.00010000, val:  2.5130, rmse: 4.8401, mape:0.066705,time:205.8s
2024-12-10 14:17:48,752 - model.pytorch.models_supervisor - INFO - epoch complete
2024-12-10 14:17:48,752 - model.pytorch.models_supervisor - INFO - evaluating now!
2024-12-10 14:18:10,586 - model.pytorch.models_supervisor - INFO - Epoch [83/300] (31500) train_mae: 2.2871,  lr: 0.00010000, val:  2.5145, rmse: 4.8464, mape:0.066853,time:190.8s
2024-12-10 14:21:12,606 - model.pytorch.models_supervisor - INFO - epoch complete
2024-12-10 14:21:12,606 - model.pytorch.models_supervisor - INFO - evaluating now!
2024-12-10 14:21:34,687 - model.pytorch.models_supervisor - INFO - Epoch [84/300] (31875) train_mae: 2.2858,  lr: 0.00010000, val:  2.5157, rmse: 4.8460, mape:0.066991,time:204.1s
2024-12-10 14:22:17,647 - model.pytorch.models_supervisor - INFO - Epoch [84/300] (31875) train_mae: 2.2858,   lr: 0.00010000, test_mae: 2.6780, rmse: 5.1594, mape:0.070078,204.1s
2024-12-10 14:22:17,674 - model.pytorch.models_supervisor - INFO - Saved model at 84
2024-12-10 14:22:17,674 - model.pytorch.models_supervisor - INFO - saving to data/log/itpgtn_gt/20241210_094404_itpgtn_gt_l_12_h_6_lr_0.001_bs_64/models//epo84.tar
2024-12-10 14:25:19,226 - model.pytorch.models_supervisor - INFO - epoch complete
2024-12-10 14:25:19,227 - model.pytorch.models_supervisor - INFO - evaluating now!
2024-12-10 14:25:42,625 - model.pytorch.models_supervisor - INFO - Epoch [85/300] (32250) train_mae: 2.2849,  lr: 0.00010000, val:  2.5153, rmse: 4.8474, mape:0.066933,time:205.0s
2024-12-10 14:28:40,675 - model.pytorch.models_supervisor - INFO - epoch complete
2024-12-10 14:28:40,675 - model.pytorch.models_supervisor - INFO - evaluating now!
2024-12-10 14:29:04,288 - model.pytorch.models_supervisor - INFO - Epoch [86/300] (32625) train_mae: 2.2843,  lr: 0.00010000, val:  2.5150, rmse: 4.8429, mape:0.067065,time:201.7s
2024-12-10 14:32:05,043 - model.pytorch.models_supervisor - INFO - epoch complete
2024-12-10 14:32:05,043 - model.pytorch.models_supervisor - INFO - evaluating now!
2024-12-10 14:32:27,678 - model.pytorch.models_supervisor - INFO - Epoch [87/300] (33000) train_mae: 2.2836,  lr: 0.00010000, val:  2.5148, rmse: 4.8455, mape:0.066816,time:203.4s
2024-12-10 14:35:27,432 - model.pytorch.models_supervisor - INFO - epoch complete
2024-12-10 14:35:27,432 - model.pytorch.models_supervisor - INFO - evaluating now!
2024-12-10 14:35:50,819 - model.pytorch.models_supervisor - INFO - Epoch [88/300] (33375) train_mae: 2.2829,  lr: 0.00010000, val:  2.5183, rmse: 4.8584, mape:0.067178,time:203.1s
2024-12-10 14:38:49,086 - model.pytorch.models_supervisor - INFO - epoch complete
2024-12-10 14:38:49,086 - model.pytorch.models_supervisor - INFO - evaluating now!
2024-12-10 14:39:12,747 - model.pytorch.models_supervisor - INFO - Epoch [89/300] (33750) train_mae: 2.2816,  lr: 0.00010000, val:  2.5180, rmse: 4.8561, mape:0.067077,time:201.9s
2024-12-10 14:40:00,047 - model.pytorch.models_supervisor - INFO - Epoch [89/300] (33750) train_mae: 2.2816,   lr: 0.00010000, test_mae: 2.6792, rmse: 5.1691, mape:0.070013,201.9s
2024-12-10 14:40:00,072 - model.pytorch.models_supervisor - INFO - Saved model at 89
2024-12-10 14:40:00,073 - model.pytorch.models_supervisor - INFO - saving to data/log/itpgtn_gt/20241210_094404_itpgtn_gt_l_12_h_6_lr_0.001_bs_64/models//epo89.tar
2024-12-10 14:42:56,982 - model.pytorch.models_supervisor - INFO - epoch complete
2024-12-10 14:42:56,982 - model.pytorch.models_supervisor - INFO - evaluating now!
2024-12-10 14:43:17,398 - model.pytorch.models_supervisor - INFO - Epoch [90/300] (34125) train_mae: 2.2809,  lr: 0.00010000, val:  2.5167, rmse: 4.8498, mape:0.067004,time:197.3s
2024-12-10 14:46:14,795 - model.pytorch.models_supervisor - INFO - epoch complete
2024-12-10 14:46:14,796 - model.pytorch.models_supervisor - INFO - evaluating now!
2024-12-10 14:46:38,398 - model.pytorch.models_supervisor - INFO - Epoch [91/300] (34500) train_mae: 2.2805,  lr: 0.00010000, val:  2.5188, rmse: 4.8544, mape:0.066988,time:201.0s
2024-12-10 14:49:36,574 - model.pytorch.models_supervisor - INFO - epoch complete
2024-12-10 14:49:36,574 - model.pytorch.models_supervisor - INFO - evaluating now!
2024-12-10 14:50:00,118 - model.pytorch.models_supervisor - INFO - Epoch [92/300] (34875) train_mae: 2.2792,  lr: 0.00010000, val:  2.5189, rmse: 4.8582, mape:0.067223,time:201.7s
2024-12-10 14:53:01,219 - model.pytorch.models_supervisor - INFO - epoch complete
2024-12-10 14:53:01,219 - model.pytorch.models_supervisor - INFO - evaluating now!
2024-12-10 14:53:24,185 - model.pytorch.models_supervisor - INFO - Epoch [93/300] (35250) train_mae: 2.2788,  lr: 0.00010000, val:  2.5192, rmse: 4.8542, mape:0.066913,time:204.1s
2024-12-10 14:56:22,988 - model.pytorch.models_supervisor - INFO - epoch complete
2024-12-10 14:56:22,988 - model.pytorch.models_supervisor - INFO - evaluating now!
2024-12-10 14:56:46,260 - model.pytorch.models_supervisor - INFO - Epoch [94/300] (35625) train_mae: 2.2777,  lr: 0.00010000, val:  2.5173, rmse: 4.8495, mape:0.066776,time:202.1s
2024-12-10 14:57:32,079 - model.pytorch.models_supervisor - INFO - Epoch [94/300] (35625) train_mae: 2.2777,   lr: 0.00010000, test_mae: 2.6821, rmse: 5.1750, mape:0.069921,202.1s
2024-12-10 14:57:32,105 - model.pytorch.models_supervisor - INFO - Saved model at 94
2024-12-10 14:57:32,105 - model.pytorch.models_supervisor - INFO - saving to data/log/itpgtn_gt/20241210_094404_itpgtn_gt_l_12_h_6_lr_0.001_bs_64/models//epo94.tar
2024-12-10 15:00:30,790 - model.pytorch.models_supervisor - INFO - epoch complete
2024-12-10 15:00:30,791 - model.pytorch.models_supervisor - INFO - evaluating now!
2024-12-10 15:00:53,167 - model.pytorch.models_supervisor - INFO - Epoch [95/300] (36000) train_mae: 2.2775,  lr: 0.00010000, val:  2.5177, rmse: 4.8493, mape:0.066967,time:201.1s
2024-12-10 15:03:51,078 - model.pytorch.models_supervisor - INFO - epoch complete
2024-12-10 15:03:51,078 - model.pytorch.models_supervisor - INFO - evaluating now!
2024-12-10 15:04:12,727 - model.pytorch.models_supervisor - INFO - Epoch [96/300] (36375) train_mae: 2.2766,  lr: 0.00010000, val:  2.5195, rmse: 4.8593, mape:0.066978,time:199.6s
2024-12-10 15:07:09,393 - model.pytorch.models_supervisor - INFO - epoch complete
2024-12-10 15:07:09,393 - model.pytorch.models_supervisor - INFO - evaluating now!
2024-12-10 15:07:30,549 - model.pytorch.models_supervisor - INFO - Epoch [97/300] (36750) train_mae: 2.2760,  lr: 0.00010000, val:  2.5195, rmse: 4.8571, mape:0.067120,time:197.8s
2024-12-10 15:10:19,143 - model.pytorch.models_supervisor - INFO - epoch complete
2024-12-10 15:10:19,144 - model.pytorch.models_supervisor - INFO - evaluating now!
2024-12-10 15:10:38,993 - model.pytorch.models_supervisor - INFO - Epoch [98/300] (37125) train_mae: 2.2748,  lr: 0.00010000, val:  2.5214, rmse: 4.8624, mape:0.067292,time:188.4s
2024-12-10 15:13:35,008 - model.pytorch.models_supervisor - INFO - epoch complete
2024-12-10 15:13:35,008 - model.pytorch.models_supervisor - INFO - evaluating now!
2024-12-10 15:13:57,665 - model.pytorch.models_supervisor - INFO - Epoch [99/300] (37500) train_mae: 2.2745,  lr: 0.00001000, val:  2.5211, rmse: 4.8610, mape:0.067046,time:198.7s
2024-12-10 15:14:44,086 - model.pytorch.models_supervisor - INFO - Epoch [99/300] (37500) train_mae: 2.2745,   lr: 0.00001000, test_mae: 2.6853, rmse: 5.1845, mape:0.070251,198.7s
2024-12-10 15:14:44,112 - model.pytorch.models_supervisor - INFO - Saved model at 99
2024-12-10 15:14:44,113 - model.pytorch.models_supervisor - INFO - saving to data/log/itpgtn_gt/20241210_094404_itpgtn_gt_l_12_h_6_lr_0.001_bs_64/models//epo99.tar
2024-12-10 15:17:38,607 - model.pytorch.models_supervisor - INFO - epoch complete
2024-12-10 15:17:38,607 - model.pytorch.models_supervisor - INFO - evaluating now!
2024-12-10 15:18:01,641 - model.pytorch.models_supervisor - INFO - Epoch [100/300] (37875) train_mae: 2.2702,  lr: 0.00001000, val:  2.5153, rmse: 4.8447, mape:0.066906,time:197.5s
2024-12-10 15:20:58,660 - model.pytorch.models_supervisor - INFO - epoch complete
2024-12-10 15:20:58,660 - model.pytorch.models_supervisor - INFO - evaluating now!
2024-12-10 15:21:21,647 - model.pytorch.models_supervisor - INFO - Epoch [101/300] (38250) train_mae: 2.2684,  lr: 0.00001000, val:  2.5161, rmse: 4.8472, mape:0.066947,time:200.0s
2024-12-10 15:24:17,410 - model.pytorch.models_supervisor - INFO - epoch complete
2024-12-10 15:24:17,410 - model.pytorch.models_supervisor - INFO - evaluating now!
2024-12-10 15:24:40,508 - model.pytorch.models_supervisor - INFO - Epoch [102/300] (38625) train_mae: 2.2680,  lr: 0.00001000, val:  2.5154, rmse: 4.8444, mape:0.066927,time:198.9s
2024-12-10 15:27:34,868 - model.pytorch.models_supervisor - INFO - epoch complete
2024-12-10 15:27:34,868 - model.pytorch.models_supervisor - INFO - evaluating now!
2024-12-10 15:27:58,490 - model.pytorch.models_supervisor - INFO - Epoch [103/300] (39000) train_mae: 2.2676,  lr: 0.00001000, val:  2.5159, rmse: 4.8461, mape:0.066917,time:198.0s
2024-12-10 15:30:55,386 - model.pytorch.models_supervisor - INFO - epoch complete
2024-12-10 15:30:55,386 - model.pytorch.models_supervisor - INFO - evaluating now!
2024-12-10 15:31:18,313 - model.pytorch.models_supervisor - INFO - Epoch [104/300] (39375) train_mae: 2.2675,  lr: 0.00001000, val:  2.5161, rmse: 4.8467, mape:0.066962,time:199.8s
2024-12-10 15:32:04,236 - model.pytorch.models_supervisor - INFO - Epoch [104/300] (39375) train_mae: 2.2675,   lr: 0.00001000, test_mae: 2.6815, rmse: 5.1723, mape:0.070161,199.8s
2024-12-10 15:32:04,262 - model.pytorch.models_supervisor - INFO - Saved model at 104
2024-12-10 15:32:04,262 - model.pytorch.models_supervisor - INFO - saving to data/log/itpgtn_gt/20241210_094404_itpgtn_gt_l_12_h_6_lr_0.001_bs_64/models//epo104.tar
2024-12-10 15:35:04,815 - model.pytorch.models_supervisor - INFO - epoch complete
2024-12-10 15:35:04,815 - model.pytorch.models_supervisor - INFO - evaluating now!
2024-12-10 15:35:28,270 - model.pytorch.models_supervisor - INFO - Epoch [105/300] (39750) train_mae: 2.2671,  lr: 0.00001000, val:  2.5165, rmse: 4.8474, mape:0.066982,time:204.0s
2024-12-10 15:38:16,699 - model.pytorch.models_supervisor - INFO - epoch complete
2024-12-10 15:38:16,699 - model.pytorch.models_supervisor - INFO - evaluating now!
2024-12-10 15:38:38,684 - model.pytorch.models_supervisor - INFO - Epoch [106/300] (40125) train_mae: 2.2673,  lr: 0.00001000, val:  2.5163, rmse: 4.8475, mape:0.066996,time:190.4s
2024-12-10 15:41:38,846 - model.pytorch.models_supervisor - INFO - epoch complete
2024-12-10 15:41:38,846 - model.pytorch.models_supervisor - INFO - evaluating now!
2024-12-10 15:42:01,622 - model.pytorch.models_supervisor - INFO - Epoch [107/300] (40500) train_mae: 2.2667,  lr: 0.00001000, val:  2.5169, rmse: 4.8490, mape:0.066962,time:202.9s
2024-12-10 15:44:58,721 - model.pytorch.models_supervisor - INFO - epoch complete
2024-12-10 15:44:58,721 - model.pytorch.models_supervisor - INFO - evaluating now!
2024-12-10 15:45:22,371 - model.pytorch.models_supervisor - INFO - Epoch [108/300] (40875) train_mae: 2.2671,  lr: 0.00001000, val:  2.5169, rmse: 4.8492, mape:0.066996,time:200.7s
2024-12-10 15:48:21,096 - model.pytorch.models_supervisor - INFO - epoch complete
2024-12-10 15:48:21,096 - model.pytorch.models_supervisor - INFO - evaluating now!
2024-12-10 15:48:43,212 - model.pytorch.models_supervisor - INFO - Epoch [109/300] (41250) train_mae: 2.2666,  lr: 0.00001000, val:  2.5172, rmse: 4.8492, mape:0.066993,time:200.8s
2024-12-10 15:49:27,780 - model.pytorch.models_supervisor - INFO - Epoch [109/300] (41250) train_mae: 2.2666,   lr: 0.00001000, test_mae: 2.6830, rmse: 5.1750, mape:0.070182,200.8s
2024-12-10 15:49:27,806 - model.pytorch.models_supervisor - INFO - Saved model at 109
2024-12-10 15:49:27,806 - model.pytorch.models_supervisor - INFO - saving to data/log/itpgtn_gt/20241210_094404_itpgtn_gt_l_12_h_6_lr_0.001_bs_64/models//epo109.tar
2024-12-10 15:52:27,608 - model.pytorch.models_supervisor - INFO - epoch complete
2024-12-10 15:52:27,608 - model.pytorch.models_supervisor - INFO - evaluating now!
2024-12-10 15:52:49,785 - model.pytorch.models_supervisor - INFO - Epoch [110/300] (41625) train_mae: 2.2659,  lr: 0.00001000, val:  2.5168, rmse: 4.8487, mape:0.067033,time:202.0s
2024-12-10 15:55:47,854 - model.pytorch.models_supervisor - INFO - epoch complete
2024-12-10 15:55:47,854 - model.pytorch.models_supervisor - INFO - evaluating now!
2024-12-10 15:56:09,465 - model.pytorch.models_supervisor - INFO - Epoch [111/300] (42000) train_mae: 2.2662,  lr: 0.00001000, val:  2.5162, rmse: 4.8478, mape:0.067004,time:199.7s
2024-12-10 15:59:06,736 - model.pytorch.models_supervisor - INFO - epoch complete
2024-12-10 15:59:06,736 - model.pytorch.models_supervisor - INFO - evaluating now!
2024-12-10 15:59:28,973 - model.pytorch.models_supervisor - INFO - Epoch [112/300] (42375) train_mae: 2.2664,  lr: 0.00001000, val:  2.5170, rmse: 4.8498, mape:0.067043,time:199.5s
2024-12-10 16:02:30,386 - model.pytorch.models_supervisor - INFO - epoch complete
2024-12-10 16:02:30,386 - model.pytorch.models_supervisor - INFO - evaluating now!
2024-12-10 16:02:52,162 - model.pytorch.models_supervisor - INFO - Epoch [113/300] (42750) train_mae: 2.2659,  lr: 0.00001000, val:  2.5172, rmse: 4.8499, mape:0.067027,time:203.2s
2024-12-10 16:05:39,284 - model.pytorch.models_supervisor - INFO - epoch complete
2024-12-10 16:05:39,285 - model.pytorch.models_supervisor - INFO - evaluating now!
2024-12-10 16:06:02,900 - model.pytorch.models_supervisor - INFO - Epoch [114/300] (43125) train_mae: 2.2655,  lr: 0.00001000, val:  2.5172, rmse: 4.8496, mape:0.066985,time:190.7s
2024-12-10 16:06:50,165 - model.pytorch.models_supervisor - INFO - Epoch [114/300] (43125) train_mae: 2.2655,   lr: 0.00001000, test_mae: 2.6830, rmse: 5.1759, mape:0.070171,190.7s
2024-12-10 16:06:50,191 - model.pytorch.models_supervisor - INFO - Saved model at 114
2024-12-10 16:06:50,191 - model.pytorch.models_supervisor - INFO - saving to data/log/itpgtn_gt/20241210_094404_itpgtn_gt_l_12_h_6_lr_0.001_bs_64/models//epo114.tar
2024-12-10 16:09:48,757 - model.pytorch.models_supervisor - INFO - epoch complete
2024-12-10 16:09:48,757 - model.pytorch.models_supervisor - INFO - evaluating now!
2024-12-10 16:10:11,807 - model.pytorch.models_supervisor - INFO - Epoch [115/300] (43500) train_mae: 2.2658,  lr: 0.00001000, val:  2.5171, rmse: 4.8508, mape:0.067045,time:201.6s
2024-12-10 16:13:09,713 - model.pytorch.models_supervisor - INFO - epoch complete
2024-12-10 16:13:09,713 - model.pytorch.models_supervisor - INFO - evaluating now!
2024-12-10 16:13:33,223 - model.pytorch.models_supervisor - INFO - Epoch [116/300] (43875) train_mae: 2.2653,  lr: 0.00001000, val:  2.5174, rmse: 4.8510, mape:0.067012,time:201.4s
2024-12-10 16:16:28,801 - model.pytorch.models_supervisor - INFO - epoch complete
2024-12-10 16:16:28,801 - model.pytorch.models_supervisor - INFO - evaluating now!
2024-12-10 16:16:52,163 - model.pytorch.models_supervisor - INFO - Epoch [117/300] (44250) train_mae: 2.2657,  lr: 0.00001000, val:  2.5175, rmse: 4.8501, mape:0.067018,time:198.9s
2024-12-10 16:19:50,807 - model.pytorch.models_supervisor - INFO - epoch complete
2024-12-10 16:19:50,807 - model.pytorch.models_supervisor - INFO - evaluating now!
2024-12-10 16:20:14,441 - model.pytorch.models_supervisor - INFO - Epoch [118/300] (44625) train_mae: 2.2652,  lr: 0.00001000, val:  2.5171, rmse: 4.8494, mape:0.066942,time:202.3s
2024-12-10 16:23:12,866 - model.pytorch.models_supervisor - INFO - epoch complete
2024-12-10 16:23:12,866 - model.pytorch.models_supervisor - INFO - evaluating now!
2024-12-10 16:23:36,465 - model.pytorch.models_supervisor - INFO - Epoch [119/300] (45000) train_mae: 2.2650,  lr: 0.00001000, val:  2.5174, rmse: 4.8514, mape:0.066992,time:202.0s
2024-12-10 16:24:22,951 - model.pytorch.models_supervisor - INFO - Epoch [119/300] (45000) train_mae: 2.2650,   lr: 0.00001000, test_mae: 2.6829, rmse: 5.1764, mape:0.070163,202.0s
2024-12-10 16:24:22,978 - model.pytorch.models_supervisor - INFO - Saved model at 119
2024-12-10 16:24:22,978 - model.pytorch.models_supervisor - INFO - saving to data/log/itpgtn_gt/20241210_094404_itpgtn_gt_l_12_h_6_lr_0.001_bs_64/models//epo119.tar
2024-12-10 16:27:20,182 - model.pytorch.models_supervisor - INFO - epoch complete
2024-12-10 16:27:20,182 - model.pytorch.models_supervisor - INFO - evaluating now!
2024-12-10 16:27:43,211 - model.pytorch.models_supervisor - INFO - Epoch [120/300] (45375) train_mae: 2.2653,  lr: 0.00001000, val:  2.5176, rmse: 4.8527, mape:0.067035,time:200.2s
2024-12-10 16:30:37,689 - model.pytorch.models_supervisor - INFO - epoch complete
2024-12-10 16:30:37,689 - model.pytorch.models_supervisor - INFO - evaluating now!
2024-12-10 16:30:58,519 - model.pytorch.models_supervisor - INFO - Epoch [121/300] (45750) train_mae: 2.2652,  lr: 0.00001000, val:  2.5169, rmse: 4.8502, mape:0.066957,time:195.3s
2024-12-10 16:33:53,028 - model.pytorch.models_supervisor - INFO - epoch complete
2024-12-10 16:33:53,028 - model.pytorch.models_supervisor - INFO - evaluating now!
2024-12-10 16:34:16,560 - model.pytorch.models_supervisor - INFO - Epoch [122/300] (46125) train_mae: 2.2652,  lr: 0.00001000, val:  2.5177, rmse: 4.8527, mape:0.067100,time:198.0s
2024-12-10 16:37:14,125 - model.pytorch.models_supervisor - INFO - epoch complete
2024-12-10 16:37:14,125 - model.pytorch.models_supervisor - INFO - evaluating now!
2024-12-10 16:37:35,991 - model.pytorch.models_supervisor - INFO - Epoch [123/300] (46500) train_mae: 2.2648,  lr: 0.00001000, val:  2.5178, rmse: 4.8533, mape:0.067020,time:199.4s
2024-12-10 16:40:36,978 - model.pytorch.models_supervisor - INFO - epoch complete
2024-12-10 16:40:36,978 - model.pytorch.models_supervisor - INFO - evaluating now!
2024-12-10 16:40:58,508 - model.pytorch.models_supervisor - INFO - Epoch [124/300] (46875) train_mae: 2.2648,  lr: 0.00001000, val:  2.5181, rmse: 4.8517, mape:0.067055,time:202.5s
2024-12-10 16:41:43,534 - model.pytorch.models_supervisor - INFO - Epoch [124/300] (46875) train_mae: 2.2648,   lr: 0.00001000, test_mae: 2.6841, rmse: 5.1772, mape:0.070217,202.5s
2024-12-10 16:41:43,561 - model.pytorch.models_supervisor - INFO - Saved model at 124
2024-12-10 16:41:43,561 - model.pytorch.models_supervisor - INFO - saving to data/log/itpgtn_gt/20241210_094404_itpgtn_gt_l_12_h_6_lr_0.001_bs_64/models//epo124.tar
2024-12-10 16:44:41,606 - model.pytorch.models_supervisor - INFO - epoch complete
2024-12-10 16:44:41,607 - model.pytorch.models_supervisor - INFO - evaluating now!
2024-12-10 16:45:04,280 - model.pytorch.models_supervisor - INFO - Epoch [125/300] (47250) train_mae: 2.2647,  lr: 0.00001000, val:  2.5179, rmse: 4.8533, mape:0.067124,time:200.7s
2024-12-10 16:48:00,403 - model.pytorch.models_supervisor - INFO - epoch complete
2024-12-10 16:48:00,403 - model.pytorch.models_supervisor - INFO - evaluating now!
2024-12-10 16:48:23,850 - model.pytorch.models_supervisor - INFO - Epoch [126/300] (47625) train_mae: 2.2646,  lr: 0.00001000, val:  2.5178, rmse: 4.8527, mape:0.067032,time:199.6s
2024-12-10 16:51:24,077 - model.pytorch.models_supervisor - INFO - epoch complete
2024-12-10 16:51:24,077 - model.pytorch.models_supervisor - INFO - evaluating now!
2024-12-10 16:51:46,225 - model.pytorch.models_supervisor - INFO - Epoch [127/300] (48000) train_mae: 2.2646,  lr: 0.00001000, val:  2.5179, rmse: 4.8520, mape:0.067014,time:202.4s
2024-12-10 16:54:44,860 - model.pytorch.models_supervisor - INFO - epoch complete
2024-12-10 16:54:44,860 - model.pytorch.models_supervisor - INFO - evaluating now!
2024-12-10 16:55:08,260 - model.pytorch.models_supervisor - INFO - Epoch [128/300] (48375) train_mae: 2.2645,  lr: 0.00001000, val:  2.5176, rmse: 4.8514, mape:0.067025,time:202.0s
2024-12-10 16:57:52,902 - model.pytorch.models_supervisor - INFO - epoch complete
2024-12-10 16:57:52,902 - model.pytorch.models_supervisor - INFO - evaluating now!
2024-12-10 16:58:12,135 - model.pytorch.models_supervisor - INFO - Epoch [129/300] (48750) train_mae: 2.2646,  lr: 0.00001000, val:  2.5177, rmse: 4.8519, mape:0.067053,time:183.9s
2024-12-10 16:58:52,185 - model.pytorch.models_supervisor - INFO - Epoch [129/300] (48750) train_mae: 2.2646,   lr: 0.00001000, test_mae: 2.6839, rmse: 5.1786, mape:0.070234,183.9s
2024-12-10 16:58:52,196 - model.pytorch.models_supervisor - INFO - Saved model at 129
2024-12-10 16:58:52,196 - model.pytorch.models_supervisor - INFO - saving to data/log/itpgtn_gt/20241210_094404_itpgtn_gt_l_12_h_6_lr_0.001_bs_64/models//epo129.tar
